### 12.04.2019 21:29:45
catalog


### 15.04.2019 20:48:51
index


### 15.04.2019 20:48:54
catalog


### 15.04.2019 20:48:58
product


### 15.04.2019 20:48:59
index


### 15.04.2019 20:49:04
catalog


### 15.04.2019 20:49:32
catalog


### 15.04.2019 20:49:35
index


### 15.04.2019 20:49:45
index


### 15.04.2019 20:49:51
index


### 15.04.2019 20:49:54
news


### 15.04.2019 20:50:25
news


### 15.04.2019 20:50:29
index


### 15.04.2019 20:50:41
news


### 15.04.2019 20:54:06
index


### 15.04.2019 20:54:13
index


### 15.04.2019 20:54:32
index


### 15.04.2019 20:54:38
index


### 15.04.2019 20:54:41
news


### 15.04.2019 20:55:47
index


### 15.04.2019 20:55:58
index


### 15.04.2019 20:56:06
index


### 15.04.2019 20:56:16
index


### 15.04.2019 20:56:55
index


### 15.04.2019 20:57:11
index


### 15.04.2019 20:57:16
index


### 15.04.2019 20:58:37
index


### 15.04.2019 20:58:46
news


### 15.04.2019 20:58:59
newss


### 15.04.2019 20:59:06
news


### 15.04.2019 20:59:11
news


### 15.04.2019 20:59:12
index


### 15.04.2019 20:59:13
news


### 15.04.2019 20:59:14
news


### 15.04.2019 20:59:15
news


### 15.04.2019 20:59:16
news


### 15.04.2019 20:59:18
news


### 15.04.2019 20:59:19
news


### 15.04.2019 20:59:20
index


### 15.04.2019 20:59:21
news


### 15.04.2019 21:01:52
news


### 15.04.2019 21:01:53
index


### 15.04.2019 21:13:37
news


### 15.04.2019 21:15:05
news


### 15.04.2019 21:15:19
newspage


### 15.04.2019 21:15:22
newspage


### 15.04.2019 21:16:12
news


### 15.04.2019 21:19:57
newspage


### 15.04.2019 21:20:48
newspage


### 15.04.2019 21:20:51
news


### 15.04.2019 21:20:52
newspage


### 15.04.2019 21:28:17
newspage


### 15.04.2019 21:28:18
index


### 15.04.2019 21:28:19
news


### 15.04.2019 21:28:20
index


### 15.04.2019 21:28:20
news


### 15.04.2019 21:28:43
news


### 15.04.2019 21:28:46
news


### 15.04.2019 21:28:46
feedback


### 15.04.2019 21:29:07
newspage


### 15.04.2019 21:29:09
news


### 19.04.2019 18:55:20
favicon.ico


### 19.04.2019 18:55:24
index


### 19.04.2019 18:55:24
favicon.ico


### 19.04.2019 18:55:29
news


### 19.04.2019 18:55:29
favicon.ico


### 19.04.2019 18:55:30
feedback


### 19.04.2019 18:55:30
favicon.ico


### 19.04.2019 18:55:32
favicon.ico


### 19.04.2019 18:55:33
news


### 19.04.2019 18:55:33
favicon.ico


### 19.04.2019 18:55:34
newspage


### 19.04.2019 18:55:34
favicon.ico


### 19.04.2019 18:55:38
favicon.ico


### 19.04.2019 18:55:38
favicon.ico


### 19.04.2019 19:19:51
index


### 19.04.2019 19:19:53
favicon.ico


### 19.04.2019 19:55:03
index


### 19.04.2019 19:55:04
favicon.ico


### 19.04.2019 19:55:06
news


### 19.04.2019 19:55:06
favicon.ico


### 19.04.2019 19:55:06
feedback


### 19.04.2019 19:55:06
favicon.ico


### 19.04.2019 20:16:54
index


### 19.04.2019 20:16:54
favicon.ico


### 19.04.2019 20:16:55
favicon.ico


### 19.04.2019 20:16:58
index


### 19.04.2019 20:16:58
favicon.ico


### 19.04.2019 20:16:59
feedback


### 19.04.2019 20:16:59
favicon.ico


### 19.04.2019 20:17:00
favicon.ico


### 19.04.2019 20:20:11
news


### 19.04.2019 20:20:11
favicon.ico


### 19.04.2019 20:20:15
newspage


### 19.04.2019 20:20:15
favicon.ico


### 19.04.2019 20:20:17
favicon.ico


### 19.04.2019 20:21:05
feedback


### 19.04.2019 20:21:05
favicon.ico


### 19.04.2019 20:21:36
feedback


### 19.04.2019 20:21:37
favicon.ico


### 19.04.2019 20:22:24
feedback


### 19.04.2019 20:22:24
favicon.ico


### 19.04.2019 20:26:15
feedback


### 19.04.2019 20:26:15
favicon.ico


### 19.04.2019 20:26:19
feedback


### 19.04.2019 20:26:19
favicon.ico


### 19.04.2019 20:27:36
news


### 19.04.2019 20:27:36
favicon.ico


### 19.04.2019 20:27:37
newspage


### 19.04.2019 20:27:37
favicon.ico


### 19.04.2019 20:27:53
favicon.ico


### 19.04.2019 20:27:53
favicon.ico


### 19.04.2019 20:31:37
feedback


### 19.04.2019 20:31:37
favicon.ico


### 19.04.2019 20:31:49
feedback


### 19.04.2019 20:31:49
favicon.ico


### 19.04.2019 20:35:27
feedback


### 19.04.2019 20:35:27
favicon.ico


### 19.04.2019 20:35:34
feedback


### 19.04.2019 20:35:34
favicon.ico


### 19.04.2019 20:35:39
feedback


### 19.04.2019 20:35:39
favicon.ico


### 19.04.2019 20:40:06
feedback


### 19.04.2019 20:40:06
favicon.ico


### 19.04.2019 20:40:23
feedback


### 19.04.2019 20:40:23
favicon.ico


### 19.04.2019 20:42:33
feedback


### 19.04.2019 20:42:33
favicon.ico


### 19.04.2019 20:42:34
feedback


### 19.04.2019 20:42:34
favicon.ico


### 19.04.2019 20:44:29
favicon.ico


### 19.04.2019 20:45:15
favicon.ico


### 19.04.2019 20:45:16
favicon.ico


### 19.04.2019 20:45:16
favicon.ico


### 19.04.2019 20:45:16
favicon.ico


### 19.04.2019 20:45:17
favicon.ico


### 19.04.2019 20:45:25
favicon.ico


### 19.04.2019 20:46:52
feedback


### 19.04.2019 20:46:52
favicon.ico


### 19.04.2019 20:48:53
feedback


### 19.04.2019 20:48:53
favicon.ico


### 19.04.2019 20:48:58
feedback


### 19.04.2019 20:48:58
favicon.ico


### 19.04.2019 20:49:10
feedback


### 19.04.2019 20:49:10
favicon.ico


### 19.04.2019 20:49:13
favicon.ico


### 19.04.2019 20:53:14
feedback


### 19.04.2019 20:53:14
favicon.ico


### 19.04.2019 20:54:42
feedback


### 19.04.2019 20:54:42
feedback


### 19.04.2019 20:54:42
favicon.ico


### 19.04.2019 20:56:23
news


### 19.04.2019 20:56:23
favicon.ico


### 19.04.2019 20:56:25
newspage


### 19.04.2019 20:56:25
favicon.ico


### 19.04.2019 20:56:27
index


### 19.04.2019 20:56:27
favicon.ico


### 19.04.2019 20:56:28
feedback


### 19.04.2019 20:56:28
favicon.ico


### 19.04.2019 20:56:29
favicon.ico


### 19.04.2019 20:57:38
favicon.ico


### 19.04.2019 20:57:43
favicon.ico


### 19.04.2019 20:58:52
feedback


### 19.04.2019 20:58:52
favicon.ico


### 19.04.2019 20:58:55
feedback


### 19.04.2019 20:58:55
feedback


### 19.04.2019 20:58:55
favicon.ico


### 19.04.2019 20:59:21
favicon.ico


### 19.04.2019 20:59:31
favicon.ico


### 19.04.2019 20:59:40
favicon.ico


### 19.04.2019 21:00:57
favicon.ico


### 19.04.2019 21:01:57
favicon.ico


### 19.04.2019 21:02:12
favicon.ico


### 19.04.2019 21:02:40
feedback


### 19.04.2019 21:02:40
favicon.ico


### 19.04.2019 21:02:44
favicon.ico


### 19.04.2019 21:02:45
favicon.ico


### 19.04.2019 21:03:01
feedback


### 19.04.2019 21:03:01
favicon.ico


### 19.04.2019 21:03:04
favicon.ico


### 19.04.2019 21:03:05
favicon.ico


### 19.04.2019 21:04:56
feedback


### 19.04.2019 21:04:56
feedback


### 19.04.2019 21:04:56
favicon.ico


### 19.04.2019 21:05:02
feedback


### 19.04.2019 21:05:02
feedback


### 19.04.2019 21:05:02
favicon.ico


### 19.04.2019 21:05:30
feedback


### 19.04.2019 21:05:30
favicon.ico


### 19.04.2019 21:05:32
feedback


### 19.04.2019 21:05:32
feedback


### 19.04.2019 21:05:32
favicon.ico


### 19.04.2019 21:06:32
feedback


### 19.04.2019 21:06:32
favicon.ico


### 19.04.2019 21:06:37
feedback


### 19.04.2019 21:06:37
feedback


### 19.04.2019 21:06:37
favicon.ico


### 19.04.2019 21:06:39
feedback


### 19.04.2019 21:06:39
feedback


### 19.04.2019 21:06:39
favicon.ico


### 19.04.2019 21:06:39
feedback


### 19.04.2019 21:06:39
feedback


### 19.04.2019 21:06:40
favicon.ico


### 19.04.2019 21:06:40
feedback


### 19.04.2019 21:06:40
feedback


### 19.04.2019 21:06:40
favicon.ico


### 19.04.2019 21:06:52
feedback


### 19.04.2019 21:06:52
feedback


### 19.04.2019 21:06:52
favicon.ico


### 19.04.2019 21:09:00
feedback


### 19.04.2019 21:09:00
favicon.ico


### 19.04.2019 21:09:01
feedback


### 19.04.2019 21:09:01
favicon.ico


### 19.04.2019 21:09:02
feedback


### 19.04.2019 21:09:02
favicon.ico


### 19.04.2019 21:09:02
feedback


### 19.04.2019 21:09:02
favicon.ico


### 19.04.2019 21:09:02
feedback


### 19.04.2019 21:09:02
favicon.ico


### 19.04.2019 21:09:03
feedback


### 19.04.2019 21:09:03
favicon.ico


### 19.04.2019 21:10:29
feedback


### 19.04.2019 21:10:29
feedback


### 19.04.2019 21:10:29
favicon.ico


### 19.04.2019 21:10:37
feedback


### 19.04.2019 21:10:37
feedback


### 19.04.2019 21:10:37
favicon.ico


### 19.04.2019 21:14:17
feedback


### 19.04.2019 21:14:17
favicon.ico


### 19.04.2019 21:14:57
feedback


### 19.04.2019 21:14:57
favicon.ico


### 19.04.2019 21:29:31
feedback


### 19.04.2019 21:29:31
favicon.ico


### 19.04.2019 21:29:37
feedback


### 19.04.2019 21:29:37
feedback


### 19.04.2019 21:29:37
favicon.ico


### 19.04.2019 21:30:05
feedback


### 19.04.2019 21:30:05
feedback


### 19.04.2019 21:30:05
favicon.ico


### 19.04.2019 21:30:21
feedback


### 19.04.2019 21:30:21
favicon.ico


### 19.04.2019 21:30:29
feedback


### 19.04.2019 21:30:29
favicon.ico


### 19.04.2019 21:30:31
feedback


### 19.04.2019 21:30:31
feedback


### 19.04.2019 21:30:31
favicon.ico


### 21.06.2019 18:51:32
index


### 21.06.2019 18:51:34
news


### 21.06.2019 21:06:01
index


### 21.06.2019 21:06:46
feedback


### 21.06.2019 21:06:54
feedback


### 21.06.2019 21:06:54
feedback


### 21.06.2019 21:06:58
feedback


### 21.06.2019 21:06:58
feedback


### 21.06.2019 21:07:00
feedback


### 21.06.2019 21:07:00
feedback


### 21.06.2019 21:07:01
editfeedback


### 21.06.2019 21:13:30
news


### 21.06.2019 21:13:31
newspage


### 23.08.2019 18:09:37
index


### 23.08.2019 18:09:37
favicon.ico


### 23.08.2019 18:09:38
news


### 23.08.2019 18:09:39
favicon.ico


### 23.08.2019 18:09:39
feedback


### 23.08.2019 18:09:39
favicon.ico


### 23.08.2019 18:09:41
editfeedback


### 23.08.2019 18:09:41
favicon.ico


### 23.08.2019 18:09:42
favicon.ico


### 23.08.2019 18:11:26
editfeedback


### 23.08.2019 18:11:26
favicon.ico


### 23.08.2019 18:11:29
favicon.ico


### 23.08.2019 21:05:18
index


### 23.08.2019 21:05:18
favicon.ico


### 23.08.2019 21:05:21
news


### 23.08.2019 21:05:21
favicon.ico


### 23.08.2019 21:05:23
newspage


### 23.08.2019 21:05:23
favicon.ico


### 23.08.2019 21:05:25
feedback


### 23.08.2019 21:05:25
favicon.ico


### 23.08.2019 21:05:51
feedback


### 23.08.2019 21:05:51
feedback


### 23.08.2019 21:05:51
favicon.ico


### 23.08.2019 21:05:52
feedback


### 23.08.2019 21:05:52
feedback


### 23.08.2019 21:05:53
favicon.ico


### 23.08.2019 21:05:54
feedback


### 23.08.2019 21:05:54
feedback


### 23.08.2019 21:05:54
favicon.ico


### 23.08.2019 21:05:55
feedback


### 23.08.2019 21:05:55
feedback


### 23.08.2019 21:05:55
favicon.ico


### 23.08.2019 21:05:58
feedback


### 23.08.2019 21:05:58
feedback


### 23.08.2019 21:05:58
favicon.ico


### 23.08.2019 21:06:01
editfeedback


### 23.08.2019 21:06:01
favicon.ico


### 23.08.2019 21:06:12
favicon.ico


### 23.08.2019 21:06:15
editfeedback


### 23.08.2019 21:06:15
favicon.ico


### 23.08.2019 21:06:16
favicon.ico


### 23.08.2019 21:07:03
news


### 23.08.2019 21:07:03
favicon.ico


### 23.08.2019 21:07:05
newspage


### 23.08.2019 21:07:05
favicon.ico


### 23.08.2019 21:07:12
feedback


### 23.08.2019 21:07:12
favicon.ico


### 23.08.2019 21:07:47
news


### 23.08.2019 21:07:47
favicon.ico


### 23.08.2019 21:07:48
newspage


### 23.08.2019 21:07:48
favicon.ico


### 23.08.2019 21:08:22
feedback


### 23.08.2019 21:08:22
favicon.ico


### 23.08.2019 21:10:02
news


### 23.08.2019 21:10:02
favicon.ico


### 23.08.2019 21:10:03
newspage


### 23.08.2019 21:10:03
favicon.ico


### 23.08.2019 21:10:05
favicon.ico


### 23.08.2019 21:10:06
favicon.ico


### 23.08.2019 21:26:23
feedback


### 26.08.2019 15:38:56
index


### 26.08.2019 15:38:56
favicon.ico


### 26.08.2019 15:38:57
index


### 26.08.2019 15:38:57
favicon.ico


### 26.08.2019 15:38:58
news


### 26.08.2019 15:38:58
favicon.ico


### 26.08.2019 15:38:59
index


### 26.08.2019 15:38:59
favicon.ico


### 26.08.2019 15:38:59
news


### 26.08.2019 15:39:00
favicon.ico


### 26.08.2019 15:39:03
feedback


### 26.08.2019 15:39:04
favicon.ico


### 26.08.2019 15:39:07
feedback


### 26.08.2019 15:39:07
feedback


### 26.08.2019 15:39:07
favicon.ico


### 26.08.2019 15:41:31
feedback


### 26.08.2019 15:41:31
favicon.ico


### 26.08.2019 15:41:34
favicon.ico


### 26.08.2019 15:42:51
favicon.ico


### 26.08.2019 15:43:13
favicon.ico


### 26.08.2019 15:43:30
feedback


### 26.08.2019 15:43:30
feedback


### 26.08.2019 15:43:30
favicon.ico


### 26.08.2019 15:45:32
feedback


### 26.08.2019 15:45:32
feedback


### 26.08.2019 15:45:32
favicon.ico


### 26.08.2019 15:45:35
feedback


### 26.08.2019 15:45:35
feedback


### 26.08.2019 15:45:35
favicon.ico


### 26.08.2019 15:45:48
feedback


### 26.08.2019 15:45:48
feedback


### 26.08.2019 15:45:48
favicon.ico


### 26.08.2019 15:46:18
favicon.ico


### 26.08.2019 15:46:19
favicon.ico


### 26.08.2019 15:46:28
feedback


### 26.08.2019 15:46:28
favicon.ico


### 26.08.2019 15:46:51
feedback


### 26.08.2019 15:46:51
favicon.ico


### 26.08.2019 15:46:56
favicon.ico


### 26.08.2019 15:46:57
feedback


### 26.08.2019 15:46:57
favicon.ico


### 26.08.2019 15:46:58
feedback


### 26.08.2019 15:46:58
favicon.ico


### 26.08.2019 15:49:36
feedback


### 26.08.2019 15:49:36
favicon.ico


### 26.08.2019 15:49:43
feedback


### 26.08.2019 15:49:43
feedback


### 26.08.2019 15:49:43
favicon.ico


### 26.08.2019 15:49:44
feedback


### 26.08.2019 15:49:44
favicon.ico


### 26.08.2019 15:51:15
feedback


### 26.08.2019 15:51:15
favicon.ico


### 26.08.2019 15:51:26
feedback


### 26.08.2019 15:51:26
favicon.ico


### 26.08.2019 15:53:59
feedback


### 26.08.2019 15:53:59
favicon.ico


### 26.08.2019 15:54:05
feedback


### 26.08.2019 15:54:05
feedback


### 26.08.2019 15:54:05
favicon.ico


### 26.08.2019 15:54:07
feedback


### 26.08.2019 15:54:07
favicon.ico


### 26.08.2019 15:54:53
index


### 26.08.2019 15:54:53
favicon.ico


### 26.08.2019 15:54:58
feedback


### 26.08.2019 15:54:58
favicon.ico


### 26.08.2019 15:55:01
feedback


### 26.08.2019 15:55:01
feedback


### 26.08.2019 15:55:01
favicon.ico


### 26.08.2019 15:55:05
feedback


### 26.08.2019 15:55:05
feedback


### 26.08.2019 15:55:05
favicon.ico


### 26.08.2019 15:55:08
feedback


### 26.08.2019 15:55:08
feedback


### 26.08.2019 15:55:08
favicon.ico


### 26.08.2019 15:55:17
feedback


### 26.08.2019 15:55:17
feedback


### 26.08.2019 15:55:17
favicon.ico


### 26.08.2019 15:55:44
feedback


### 26.08.2019 15:55:44
favicon.ico


### 26.08.2019 15:55:48
feedback


### 26.08.2019 15:55:48
feedback


### 26.08.2019 15:55:48
favicon.ico


### 26.08.2019 15:55:57
feedback


### 26.08.2019 15:55:57
feedback


### 26.08.2019 15:55:57
favicon.ico


### 26.08.2019 15:56:11
feedback


### 26.08.2019 15:56:11
favicon.ico


### 26.08.2019 15:56:23
feedback


### 26.08.2019 15:56:23
favicon.ico


### 26.08.2019 15:56:25
feedback


### 26.08.2019 15:56:25
favicon.ico


### 26.08.2019 15:57:31
favicon.ico


### 26.08.2019 15:57:51
feedback


### 26.08.2019 15:57:51
feedback


### 26.08.2019 15:57:51
favicon.ico


### 26.08.2019 15:57:53
feedback


### 26.08.2019 15:57:53
feedback


### 26.08.2019 15:57:53
favicon.ico


### 26.08.2019 15:57:56
feedback


### 26.08.2019 15:57:56
feedback


### 26.08.2019 15:57:56
favicon.ico


### 26.08.2019 15:57:58
feedback


### 26.08.2019 15:57:58
feedback


### 26.08.2019 15:57:58
favicon.ico


### 26.08.2019 15:57:59
feedback


### 26.08.2019 15:57:59
feedback


### 26.08.2019 15:57:59
favicon.ico


### 26.08.2019 15:58:05
favicon.ico


### 26.08.2019 15:58:13
feedback


### 26.08.2019 15:58:13
feedback


### 26.08.2019 15:58:13
favicon.ico


### 26.08.2019 15:59:00
editfeedback


### 26.08.2019 15:59:00
favicon.ico


### 26.08.2019 15:59:02
favicon.ico


### 26.08.2019 16:05:03
feedback


### 26.08.2019 16:05:03
favicon.ico


### 26.08.2019 16:05:04
editfeedback


### 26.08.2019 16:05:04
favicon.ico


### 26.08.2019 16:06:02
favicon.ico


### 26.08.2019 16:06:02
feedback


### 26.08.2019 16:06:02
favicon.ico


### 26.08.2019 16:06:04
favicon.ico


### 26.08.2019 16:06:57
favicon.ico


### 26.08.2019 16:07:11
favicon.ico


### 26.08.2019 16:07:46
feedback


### 26.08.2019 16:07:46
favicon.ico


### 26.08.2019 16:07:57
feedback


### 26.08.2019 16:07:57
favicon.ico


### 26.08.2019 16:08:43
feedback


### 26.08.2019 16:08:43
favicon.ico


### 26.08.2019 16:08:45
feedback


### 26.08.2019 16:08:45
favicon.ico


### 26.08.2019 16:08:46
feedback


### 26.08.2019 16:08:47
favicon.ico


### 26.08.2019 16:08:49
favicon.ico


### 26.08.2019 16:10:03
feedback


### 26.08.2019 16:10:03
favicon.ico


### 26.08.2019 16:10:09
favicon.ico


### 26.08.2019 16:11:15
feedback


### 26.08.2019 16:11:15
favicon.ico


### 26.08.2019 16:11:17
favicon.ico


### 26.08.2019 16:13:32
feedback


### 26.08.2019 16:13:32
favicon.ico


### 26.08.2019 16:13:34
favicon.ico


### 26.08.2019 16:13:39
favicon.ico


### 26.08.2019 16:13:50
feedback


### 26.08.2019 16:13:50
feedback


### 26.08.2019 16:13:50
favicon.ico


### 26.08.2019 16:13:55
feedback


### 26.08.2019 16:13:55
feedback


### 26.08.2019 16:13:55
favicon.ico


### 26.08.2019 16:13:56
feedback


### 26.08.2019 16:13:56
feedback


### 26.08.2019 16:13:56
favicon.ico


### 26.08.2019 16:13:57
feedback


### 26.08.2019 16:13:57
favicon.ico


### 26.08.2019 16:14:00
feedback


### 26.08.2019 16:14:00
feedback


### 26.08.2019 16:14:00
favicon.ico


### 26.08.2019 16:14:08
feedback


### 26.08.2019 16:14:08
feedback


### 26.08.2019 16:14:08
favicon.ico


### 26.08.2019 16:14:13
feedback


### 26.08.2019 16:14:13
feedback


### 26.08.2019 16:14:13
favicon.ico


### 26.08.2019 16:14:16
feedback


### 26.08.2019 16:14:16
favicon.ico


### 26.08.2019 16:14:19
feedback


### 26.08.2019 16:14:19
feedback


### 26.08.2019 16:14:19
favicon.ico


### 26.08.2019 16:17:47
feedback


### 26.08.2019 16:17:47
favicon.ico


### 26.08.2019 16:17:50
feedback


### 26.08.2019 16:17:50
feedback


### 26.08.2019 16:17:50
favicon.ico


### 26.08.2019 16:18:39
feedback


### 26.08.2019 16:18:39
favicon.ico


### 26.08.2019 16:18:51
feedback


### 26.08.2019 16:18:51
favicon.ico


### 26.08.2019 16:20:53
feedback


### 26.08.2019 16:20:53
favicon.ico


### 26.08.2019 16:21:34
feedback


### 26.08.2019 16:21:34
favicon.ico


### 26.08.2019 16:21:42
feedback


### 26.08.2019 16:21:42
favicon.ico


### 26.08.2019 16:21:44
news


### 26.08.2019 16:21:44
favicon.ico


### 26.08.2019 16:21:45
feedback


### 26.08.2019 16:21:45
favicon.ico


### 26.08.2019 16:21:46
index


### 26.08.2019 16:21:46
favicon.ico


### 26.08.2019 16:21:46
news


### 26.08.2019 16:21:46
favicon.ico


### 26.08.2019 16:21:47
feedback


### 26.08.2019 16:21:47
favicon.ico


### 26.08.2019 16:30:51
feedback


### 26.08.2019 16:30:51
favicon.ico


### 26.08.2019 16:30:52
catalog


### 26.08.2019 16:30:52
favicon.ico


### 26.08.2019 16:31:08
catalog


### 26.08.2019 16:31:08
favicon.ico


### 26.08.2019 16:31:09
catalog


### 26.08.2019 16:31:09
favicon.ico


### 26.08.2019 16:31:09
catalog


### 26.08.2019 16:31:09
favicon.ico


### 26.08.2019 16:31:10
catalog


### 26.08.2019 16:31:10
favicon.ico


### 26.08.2019 16:31:10
catalog


### 26.08.2019 16:31:10
favicon.ico


### 26.08.2019 16:31:11
catalog


### 26.08.2019 16:31:11
favicon.ico


### 26.08.2019 16:31:15
catalog


### 26.08.2019 16:31:15
favicon.ico


### 26.08.2019 16:31:16
catalog


### 26.08.2019 16:31:16
favicon.ico


### 26.08.2019 16:31:16
catalog


### 26.08.2019 16:31:16
favicon.ico


### 26.08.2019 16:31:16
catalog


### 26.08.2019 16:31:16
favicon.ico


### 26.08.2019 16:31:17
catalog


### 26.08.2019 16:31:17
favicon.ico


### 26.08.2019 16:31:26
catalog


### 26.08.2019 16:31:26
favicon.ico


### 26.08.2019 16:33:05
catalog


### 26.08.2019 16:33:05
favicon.ico


### 26.08.2019 16:34:48
catalog


### 26.08.2019 16:34:48
favicon.ico


### 26.08.2019 16:34:54
catalog


### 26.08.2019 16:34:54
favicon.ico


### 26.08.2019 16:35:02
catalog


### 26.08.2019 16:35:02
favicon.ico


### 26.08.2019 16:35:14
catalog


### 26.08.2019 16:35:14
favicon.ico


### 26.08.2019 16:35:34
catalog


### 26.08.2019 16:35:34
favicon.ico


### 26.08.2019 16:35:34
catalog


### 26.08.2019 16:35:34
favicon.ico


### 26.08.2019 16:35:34
catalog


### 26.08.2019 16:35:34
favicon.ico


### 26.08.2019 16:35:35
catalog


### 26.08.2019 16:35:35
favicon.ico


### 26.08.2019 16:35:35
catalog


### 26.08.2019 16:35:36
favicon.ico


### 26.08.2019 16:35:36
catalog


### 26.08.2019 16:35:36
favicon.ico


### 26.08.2019 16:35:36
catalog


### 26.08.2019 16:35:36
favicon.ico


### 26.08.2019 16:35:36
catalog


### 26.08.2019 16:35:36
favicon.ico


### 26.08.2019 16:35:36
catalog


### 26.08.2019 16:35:36
favicon.ico


### 26.08.2019 16:35:37
catalog


### 26.08.2019 16:35:37
favicon.ico


### 26.08.2019 16:35:37
catalog


### 26.08.2019 16:35:37
favicon.ico


### 26.08.2019 16:35:46
catalog


### 26.08.2019 16:35:46
favicon.ico


### 26.08.2019 16:35:47
catalog


### 26.08.2019 16:35:47
favicon.ico


### 26.08.2019 16:35:47
catalog


### 26.08.2019 16:35:47
favicon.ico


### 26.08.2019 16:35:47
catalog


### 26.08.2019 16:35:48
favicon.ico


### 26.08.2019 16:35:48
catalog


### 26.08.2019 16:35:48
favicon.ico


### 26.08.2019 16:35:48
catalog


### 26.08.2019 16:35:48
favicon.ico


### 26.08.2019 16:35:48
catalog


### 26.08.2019 16:35:49
favicon.ico


### 26.08.2019 16:35:49
catalog


### 26.08.2019 16:35:49
favicon.ico


### 26.08.2019 16:35:49
catalog


### 26.08.2019 16:35:49
favicon.ico


### 26.08.2019 16:35:50
catalog


### 26.08.2019 16:35:50
favicon.ico


### 26.08.2019 16:35:50
catalog


### 26.08.2019 16:35:50
favicon.ico


### 26.08.2019 16:35:50
catalog


### 26.08.2019 16:35:50
favicon.ico


### 26.08.2019 16:35:50
catalog


### 26.08.2019 16:35:50
favicon.ico


### 26.08.2019 16:35:51
catalog


### 26.08.2019 16:35:51
favicon.ico


### 26.08.2019 16:35:51
catalog


### 26.08.2019 16:35:51
favicon.ico


### 26.08.2019 16:35:51
catalog


### 26.08.2019 16:35:51
favicon.ico


### 26.08.2019 16:36:00
catalog


### 26.08.2019 16:36:00
favicon.ico


### 26.08.2019 16:36:10
catalog


### 26.08.2019 16:36:10
favicon.ico


### 26.08.2019 16:36:20
catalog


### 26.08.2019 16:36:20
favicon.ico


### 26.08.2019 16:36:49
catalog


### 26.08.2019 16:36:49
favicon.ico


### 26.08.2019 16:37:15
catalog


### 26.08.2019 16:37:15
favicon.ico


### 26.08.2019 16:37:27
catalog


### 26.08.2019 16:37:27
favicon.ico


### 26.08.2019 16:37:38
catalog


### 26.08.2019 16:37:38
favicon.ico


### 26.08.2019 16:37:42
catalog


### 26.08.2019 16:37:42
favicon.ico


### 26.08.2019 16:37:43
news


### 26.08.2019 16:37:43
favicon.ico


### 26.08.2019 16:37:43
catalog


### 26.08.2019 16:37:43
favicon.ico


### 26.08.2019 16:37:44
feedback


### 26.08.2019 16:37:44
favicon.ico


### 26.08.2019 16:37:47
catalog


### 26.08.2019 16:37:47
favicon.ico


### 26.08.2019 16:40:06
catalog


### 26.08.2019 16:40:06
favicon.ico


### 26.08.2019 16:40:11
item


### 26.08.2019 16:40:11
favicon.ico


### 26.08.2019 16:40:12
favicon.ico


### 26.08.2019 16:40:15
item


### 26.08.2019 16:40:15
favicon.ico


### 26.08.2019 16:40:17
favicon.ico


### 26.08.2019 16:41:17
catalog


### 26.08.2019 16:41:17
favicon.ico


### 26.08.2019 16:41:18
item


### 26.08.2019 16:41:18
favicon.ico


### 26.08.2019 16:41:45
item


### 26.08.2019 16:41:45
favicon.ico


### 26.08.2019 16:42:06
item


### 26.08.2019 16:42:06
favicon.ico


### 26.08.2019 16:42:17
item


### 26.08.2019 16:42:17
favicon.ico


### 26.08.2019 16:42:39
item


### 26.08.2019 16:42:39
favicon.ico


### 26.08.2019 16:42:56
item


### 26.08.2019 16:42:56
favicon.ico


### 26.08.2019 16:42:59
catalog


### 26.08.2019 16:42:59
favicon.ico


### 26.08.2019 16:43:00
item


### 26.08.2019 16:43:00
favicon.ico


### 26.08.2019 16:43:03
catalog


### 26.08.2019 16:43:03
favicon.ico


### 26.08.2019 16:43:04
item


### 26.08.2019 16:43:04
favicon.ico


### 26.08.2019 16:43:06
catalog


### 26.08.2019 16:43:06
favicon.ico


### 26.08.2019 16:43:11
feedback


### 26.08.2019 16:43:11
favicon.ico


### 26.08.2019 16:43:13
feedback


### 26.08.2019 16:43:13
favicon.ico


### 26.08.2019 16:43:19
feedback


### 26.08.2019 16:43:19
feedback


### 26.08.2019 16:43:19
favicon.ico


### 26.08.2019 16:43:22
feedback


### 26.08.2019 16:43:22
feedback


### 26.08.2019 16:43:22
favicon.ico


### 26.08.2019 16:43:23
feedback


### 26.08.2019 16:43:23
feedback


### 26.08.2019 16:43:23
favicon.ico


### 26.08.2019 18:40:40
index


### 26.08.2019 18:40:41
favicon.ico


### 26.08.2019 18:40:43
feedback


### 26.08.2019 18:40:43
favicon.ico


### 26.08.2019 18:40:55
feedback


### 26.08.2019 18:40:55
feedback


### 26.08.2019 18:40:55
favicon.ico


### 26.08.2019 18:41:13
feedback


### 26.08.2019 18:41:13
favicon.ico


### 26.08.2019 18:41:17
feedback


### 26.08.2019 18:41:18
feedback


### 26.08.2019 18:41:18
favicon.ico


### 26.08.2019 18:43:06
feedback


### 26.08.2019 18:43:06
feedback


### 26.08.2019 18:43:06
favicon.ico


### 26.08.2019 18:43:40
feedback


### 26.08.2019 18:43:40
feedback


### 26.08.2019 18:43:40
favicon.ico


### 26.08.2019 18:45:08
feedback


### 26.08.2019 18:45:08
favicon.ico


### 26.08.2019 18:45:10
feedback


### 26.08.2019 18:45:10
favicon.ico


### 26.08.2019 18:45:12
feedback


### 26.08.2019 18:45:12
feedback


### 26.08.2019 18:45:12
favicon.ico


### 26.08.2019 18:45:19
feedback


### 26.08.2019 18:45:19
favicon.ico


### 26.08.2019 18:45:22
feedback


### 26.08.2019 18:45:22
feedback


### 26.08.2019 18:45:22
favicon.ico


### 26.08.2019 18:47:32
feedback


### 26.08.2019 18:47:32
feedback


### 26.08.2019 18:47:32
feedback


### 26.08.2019 18:47:32
feedback


### 26.08.2019 18:47:32
feedback


### 26.08.2019 18:47:32
feedback


### 26.08.2019 18:47:32
feedback


### 26.08.2019 18:47:32
feedback


### 26.08.2019 18:47:32
feedback


### 26.08.2019 18:47:32
feedback


### 26.08.2019 18:47:32
feedback


### 26.08.2019 18:47:32
feedback


### 26.08.2019 18:47:32
feedback


### 26.08.2019 18:47:32
feedback


### 26.08.2019 18:47:32
feedback


### 26.08.2019 18:47:32
feedback


### 26.08.2019 18:47:32
feedback


### 26.08.2019 18:47:32
feedback


### 26.08.2019 18:47:32
feedback


### 26.08.2019 18:47:32
feedback


### 26.08.2019 18:47:32
feedback


### 26.08.2019 18:47:32
feedback


### 26.08.2019 18:47:32
feedback


### 26.08.2019 18:47:32
feedback


### 26.08.2019 18:47:32
feedback


### 26.08.2019 18:47:32
feedback


### 26.08.2019 18:47:32
feedback


### 26.08.2019 18:47:33
feedback


### 26.08.2019 18:47:33
feedback


### 26.08.2019 18:47:33
feedback


### 26.08.2019 18:47:33
feedback


### 26.08.2019 18:47:33
feedback


### 26.08.2019 18:47:33
feedback


### 26.08.2019 18:47:33
feedback


### 26.08.2019 18:47:33
feedback


### 26.08.2019 18:47:33
feedback


### 26.08.2019 18:47:33
feedback


### 26.08.2019 18:47:33
feedback


### 26.08.2019 18:47:33
feedback


### 26.08.2019 18:47:33
feedback


### 26.08.2019 18:47:38
feedback


### 26.08.2019 18:47:38
feedback


### 26.08.2019 18:47:38
feedback


### 26.08.2019 18:47:38
feedback


### 26.08.2019 18:47:38
feedback


### 26.08.2019 18:47:38
feedback


### 26.08.2019 18:47:38
feedback


### 26.08.2019 18:47:38
feedback


### 26.08.2019 18:47:38
feedback


### 26.08.2019 18:47:38
feedback


### 26.08.2019 18:47:38
feedback


### 26.08.2019 18:47:38
feedback


### 26.08.2019 18:47:38
feedback


### 26.08.2019 18:47:38
feedback


### 26.08.2019 18:47:38
feedback


### 26.08.2019 18:47:38
feedback


### 26.08.2019 18:47:38
feedback


### 26.08.2019 18:47:38
feedback


### 26.08.2019 18:47:38
feedback


### 26.08.2019 18:47:38
feedback


### 26.08.2019 18:47:39
feedback


### 26.08.2019 18:47:39
favicon.ico


### 26.08.2019 18:47:40
feedback


### 26.08.2019 18:47:40
favicon.ico


### 26.08.2019 18:47:42
feedback


### 26.08.2019 18:47:42
feedback


### 26.08.2019 18:47:42
favicon.ico


### 26.08.2019 18:47:45
catalog


### 26.08.2019 18:47:45
favicon.ico


### 26.08.2019 18:47:46
item


### 26.08.2019 18:47:47
favicon.ico


### 26.08.2019 18:47:49
catalog


### 26.08.2019 18:47:49
favicon.ico


### 26.08.2019 18:47:50
news


### 26.08.2019 18:47:50
favicon.ico


### 26.08.2019 18:47:51
newspage


### 26.08.2019 18:47:51
favicon.ico


### 26.08.2019 18:47:52
news


### 26.08.2019 18:47:52
favicon.ico


### 26.08.2019 18:47:52
index


### 26.08.2019 18:47:53
favicon.ico


### 26.08.2019 18:47:54
news


### 26.08.2019 18:47:54
favicon.ico


### 26.08.2019 18:47:54
catalog


### 26.08.2019 18:47:54
favicon.ico


### 26.08.2019 18:47:55
index


### 26.08.2019 18:47:55
favicon.ico


### 26.08.2019 18:48:18
index


### 26.08.2019 18:48:18
favicon.ico


### 26.08.2019 18:48:20
news


### 26.08.2019 18:48:20
favicon.ico


### 26.08.2019 18:48:22
catalog


### 26.08.2019 18:48:22
favicon.ico


### 26.08.2019 18:48:23
item


### 26.08.2019 18:48:23
favicon.ico


### 26.08.2019 18:48:26
catalog


### 26.08.2019 18:48:26
favicon.ico


### 26.08.2019 18:48:27
item


### 26.08.2019 18:48:27
favicon.ico


### 26.08.2019 18:48:29
catalog


### 26.08.2019 18:48:29
favicon.ico


### 26.08.2019 18:48:30
item


### 26.08.2019 18:48:30
favicon.ico


### 26.08.2019 18:48:31
catalog


### 26.08.2019 18:48:31
favicon.ico


### 26.08.2019 18:48:31
feedback


### 26.08.2019 18:48:31
favicon.ico


### 26.08.2019 18:59:17
index


### 26.08.2019 18:59:17
favicon.ico


### 26.08.2019 19:02:44
catalog


### 26.08.2019 19:02:44
favicon.ico


### 26.08.2019 19:03:15
item


### 26.08.2019 19:03:15
favicon.ico


### 26.08.2019 19:03:37
feedback


### 26.08.2019 19:03:37
favicon.ico


### 26.08.2019 19:04:22
feedback


### 26.08.2019 19:04:22
favicon.ico


### 26.08.2019 19:04:26
feedback


### 26.08.2019 19:04:26
feedback


### 26.08.2019 19:04:26
favicon.ico


### 26.08.2019 19:04:29
feedback


### 26.08.2019 19:04:29
feedback


### 26.08.2019 19:04:29
favicon.ico


### 26.08.2019 19:04:51
feedback


### 26.08.2019 19:04:51
feedback


### 26.08.2019 19:04:51
favicon.ico


### 26.08.2019 19:16:38
feedback


### 26.08.2019 19:16:38
favicon.ico


### 26.08.2019 19:16:48
feedback


### 26.08.2019 19:16:49
favicon.ico


### 26.08.2019 19:16:52
favicon.ico


### 26.08.2019 19:16:59
favicon.ico


### 26.08.2019 19:17:13
feedback


### 26.08.2019 19:17:13
feedback


### 26.08.2019 19:17:13
favicon.ico


### 26.08.2019 19:17:20
feedback


### 26.08.2019 19:17:20
favicon.ico


### 26.08.2019 19:17:22
feedback


### 26.08.2019 19:17:22
feedback


### 26.08.2019 19:17:22
favicon.ico


### 26.08.2019 21:01:06
index


### 26.08.2019 21:01:07
favicon.ico


### 26.08.2019 21:01:09
catalog


### 26.08.2019 21:01:09
favicon.ico


### 26.08.2019 21:01:09
item


### 26.08.2019 21:01:09
favicon.ico


### 26.08.2019 21:01:10
feedback


### 26.08.2019 21:01:10
favicon.ico


### 26.08.2019 21:01:11
feedback


### 26.08.2019 21:01:11
feedback


### 26.08.2019 21:01:11
favicon.ico


### 26.08.2019 21:01:12
news


### 26.08.2019 21:01:12
favicon.ico


### 26.08.2019 21:02:24
catalog


### 26.08.2019 21:02:24
favicon.ico


### 26.08.2019 21:02:25
feedback


### 26.08.2019 21:02:25
favicon.ico


### 26.08.2019 21:02:26
catalog


### 26.08.2019 21:02:26
favicon.ico


### 26.08.2019 21:02:26
item


### 26.08.2019 21:02:26
favicon.ico


### 26.08.2019 21:02:27
feedback


### 26.08.2019 21:02:27
favicon.ico


### 26.08.2019 21:08:23
feedback


### 26.08.2019 21:08:23
favicon.ico


### 26.08.2019 21:08:48
feedback


### 26.08.2019 21:08:48
favicon.ico


### 26.08.2019 21:08:48
feedback


### 26.08.2019 21:08:48
favicon.ico


### 26.08.2019 21:09:00
feedback


### 26.08.2019 21:09:00
favicon.ico


### 26.08.2019 21:10:50
feedback


### 26.08.2019 21:10:50
favicon.ico


### 26.08.2019 21:10:51
feedback


### 26.08.2019 21:10:51
favicon.ico


### 26.08.2019 21:11:08
favicon.ico


### 26.08.2019 21:13:02
index


### 26.08.2019 21:13:02
index


### 26.08.2019 21:13:03
favicon.ico


### 26.08.2019 21:13:04
index


### 26.08.2019 21:13:05
favicon.ico


### 26.08.2019 21:13:27
index


### 26.08.2019 21:13:27
favicon.ico


### 26.08.2019 21:13:27
index


### 26.08.2019 21:13:27
favicon.ico


### 26.08.2019 21:13:45
catalog


### 26.08.2019 21:13:45
favicon.ico


### 26.08.2019 21:14:24
catalog


### 26.08.2019 21:14:24
favicon.ico


### 26.08.2019 21:14:43
catalog


### 26.08.2019 21:14:43
favicon.ico


### 26.08.2019 21:14:44
catalog


### 26.08.2019 21:14:44
favicon.ico


### 26.08.2019 21:14:44
catalog


### 26.08.2019 21:14:44
favicon.ico


### 26.08.2019 21:14:44
catalog


### 26.08.2019 21:14:44
favicon.ico


### 26.08.2019 21:14:44
catalog


### 26.08.2019 21:14:44
favicon.ico


### 26.08.2019 21:14:45
catalog


### 26.08.2019 21:14:45
favicon.ico


### 26.08.2019 21:14:53
catalog


### 26.08.2019 21:14:53
favicon.ico


### 26.08.2019 21:15:03
catalog


### 26.08.2019 21:15:03
favicon.ico


### 26.08.2019 21:15:05
logout


### 26.08.2019 21:15:05
index


### 26.08.2019 21:15:05
favicon.ico


### 26.08.2019 21:15:24
index


### 26.08.2019 21:15:24
favicon.ico


### 26.08.2019 21:15:39
news


### 26.08.2019 21:15:39
favicon.ico


### 26.08.2019 21:17:13
news


### 26.08.2019 21:17:13
favicon.ico


### 26.08.2019 21:17:14
catalog


### 26.08.2019 21:17:14
favicon.ico


### 26.08.2019 21:17:15
feedback


### 26.08.2019 21:17:15
favicon.ico


### 26.08.2019 21:17:16
catalog


### 26.08.2019 21:17:16
favicon.ico


### 26.08.2019 21:18:03
catalog


### 26.08.2019 21:18:03
favicon.ico


### 26.08.2019 21:18:04
item


### 26.08.2019 21:18:05
favicon.ico


### 26.08.2019 21:18:06
catalog


### 26.08.2019 21:18:06
favicon.ico


### 26.08.2019 21:18:06
item


### 26.08.2019 21:18:06
favicon.ico


### 26.08.2019 21:18:07
catalog


### 26.08.2019 21:18:07
favicon.ico


### 26.08.2019 21:18:08
item


### 26.08.2019 21:18:08
favicon.ico


### 26.08.2019 21:18:09
catalog


### 26.08.2019 21:18:10
favicon.ico


### 26.08.2019 21:18:11
item


### 26.08.2019 21:18:11
favicon.ico


### 26.08.2019 21:18:12
catalog


### 26.08.2019 21:18:12
favicon.ico


### 26.08.2019 21:18:13
item


### 26.08.2019 21:18:13
favicon.ico


### 26.08.2019 21:19:07
item


### 26.08.2019 21:19:07
favicon.ico


### 26.08.2019 21:19:08
basket


### 26.08.2019 21:19:08
favicon.ico


### 26.08.2019 21:19:20
catalog


### 26.08.2019 21:19:20
favicon.ico


### 26.08.2019 21:19:45
catalog


### 26.08.2019 21:19:45
favicon.ico


### 26.08.2019 21:19:51
catalog


### 26.08.2019 21:19:51
favicon.ico


### 26.08.2019 21:20:08
basket


### 26.08.2019 21:20:08
favicon.ico


### 26.08.2019 21:20:11
news


### 26.08.2019 21:20:11
favicon.ico


### 26.08.2019 21:20:20
catalog


### 26.08.2019 21:20:20
favicon.ico


### 26.08.2019 21:26:55
catalog


### 26.08.2019 21:26:55
favicon.ico


### 26.08.2019 21:26:57
catalog


### 26.08.2019 21:26:57
favicon.ico


### 26.08.2019 21:27:59
basket


### 26.08.2019 21:27:59
favicon.ico


### 26.08.2019 21:37:26
news


### 26.08.2019 21:37:26
favicon.ico


### 26.08.2019 21:37:27
catalog


### 26.08.2019 21:37:27
favicon.ico


### 26.08.2019 21:37:54
catalog


### 26.08.2019 21:37:54
favicon.ico


### 30.08.2019 18:43:33
index


### 30.08.2019 18:43:33
index


### 30.08.2019 18:43:33
favicon.ico


### 30.08.2019 19:04:10
catalog


### 30.08.2019 19:04:10
favicon.ico


### 30.08.2019 19:04:13
basket


### 30.08.2019 19:04:13
favicon.ico


### 30.08.2019 19:10:22
basket


### 30.08.2019 19:10:22
favicon.ico


### 30.08.2019 19:10:23
feedback


### 30.08.2019 19:10:23
favicon.ico


### 30.08.2019 19:10:23
catalog


### 30.08.2019 19:10:23
favicon.ico


### 30.08.2019 19:10:25
news


### 30.08.2019 19:10:25
favicon.ico


### 30.08.2019 19:10:26
catalog


### 30.08.2019 19:10:26
favicon.ico


### 30.08.2019 19:10:40
catalog


### 30.08.2019 19:10:40
favicon.ico


### 30.08.2019 19:12:56
basket


### 30.08.2019 19:12:56
favicon.ico


### 30.08.2019 19:12:58
catalog


### 30.08.2019 19:12:58
favicon.ico


### 30.08.2019 19:20:49
catalog


### 30.08.2019 19:20:49
favicon.ico


### 30.08.2019 19:20:52
news


### 30.08.2019 19:20:52
favicon.ico


### 30.08.2019 19:20:57
login


### 30.08.2019 19:20:57
favicon.ico


### 30.08.2019 19:21:34
login


### 30.08.2019 19:21:34
index


### 30.08.2019 19:21:34
favicon.ico


### 30.08.2019 19:21:36
catalog


### 30.08.2019 19:21:36
favicon.ico


### 30.08.2019 19:21:37
news


### 30.08.2019 19:21:37
favicon.ico


### 30.08.2019 19:21:38
catalog


### 30.08.2019 19:21:38
favicon.ico


### 30.08.2019 19:21:39
logout


### 30.08.2019 19:21:39
index


### 30.08.2019 19:21:39
favicon.ico


### 30.08.2019 19:21:44
login


### 30.08.2019 19:21:44
index


### 30.08.2019 19:21:44
favicon.ico


### 30.08.2019 19:22:58
catalog


### 30.08.2019 19:22:58
favicon.ico


### 30.08.2019 19:22:58
news


### 30.08.2019 19:22:58
favicon.ico


### 30.08.2019 19:22:59
index


### 30.08.2019 19:22:59
favicon.ico


### 30.08.2019 19:23:21
basket


### 30.08.2019 19:23:21
favicon.ico


### 30.08.2019 19:23:26
news


### 30.08.2019 19:23:26
favicon.ico


### 30.08.2019 19:23:27
catalog


### 30.08.2019 19:23:27
favicon.ico


### 30.08.2019 19:23:29
logout


### 30.08.2019 19:23:29
index


### 30.08.2019 19:23:29
favicon.ico


### 30.08.2019 19:23:32
catalog


### 30.08.2019 19:23:32
favicon.ico


### 30.08.2019 19:30:47
catalog


### 30.08.2019 19:30:47
favicon.ico


### 30.08.2019 19:31:28
item


### 30.08.2019 19:31:28
favicon.ico


### 30.08.2019 19:33:08
catalog


### 30.08.2019 19:33:09
favicon.ico


### 30.08.2019 19:34:01
catalog


### 30.08.2019 19:34:01
favicon.ico


### 30.08.2019 19:34:17
catalog


### 30.08.2019 19:34:17
favicon.ico


### 30.08.2019 19:36:12
catalog


### 30.08.2019 19:36:12
favicon.ico


### 30.08.2019 19:36:20
item


### 30.08.2019 19:36:20
favicon.ico


### 30.08.2019 19:36:22
catalog


### 30.08.2019 19:36:22
favicon.ico


### 30.08.2019 19:47:32
catalog


### 30.08.2019 19:47:33
favicon.ico


### 30.08.2019 19:49:49
catalog


### 30.08.2019 19:49:49
favicon.ico


### 30.08.2019 19:50:57
index


### 30.08.2019 19:50:57
favicon.ico


### 30.08.2019 19:51:00
catalog


### 30.08.2019 19:51:09
catalog


### 30.08.2019 19:51:09
favicon.ico


### 30.08.2019 19:51:47
catalog


### 30.08.2019 19:51:47
favicon.ico


### 30.08.2019 19:51:48
catalog


### 30.08.2019 19:51:48
favicon.ico


### 30.08.2019 19:51:49
news


### 30.08.2019 19:51:49
favicon.ico


### 30.08.2019 19:51:49
index


### 30.08.2019 19:51:49
favicon.ico


### 30.08.2019 19:51:50
catalog


### 30.08.2019 19:51:50
favicon.ico


### 30.08.2019 19:51:51
feedback


### 30.08.2019 19:51:51
favicon.ico


### 30.08.2019 19:51:53
catalog


### 30.08.2019 19:51:53
favicon.ico


### 30.08.2019 19:52:00
basket


### 30.08.2019 19:52:00
favicon.ico


### 30.08.2019 19:57:15
favicon.ico


### 30.08.2019 19:58:05
basket


### 30.08.2019 19:58:05
favicon.ico


### 30.08.2019 19:58:21
basket


### 30.08.2019 19:58:21
favicon.ico


### 30.08.2019 19:58:31
catalog


### 30.08.2019 19:58:32
favicon.ico


### 30.08.2019 19:58:35
basket


### 30.08.2019 19:58:35
favicon.ico


### 30.08.2019 20:00:04
basket


### 30.08.2019 20:00:04
favicon.ico


### 30.08.2019 20:00:08
catalog


### 30.08.2019 20:00:08
favicon.ico


### 30.08.2019 20:00:11
basket


### 30.08.2019 20:00:11
favicon.ico


### 30.08.2019 20:00:14
catalog


### 30.08.2019 20:00:15
favicon.ico


### 30.08.2019 20:00:17
basket


### 30.08.2019 20:00:17
favicon.ico


### 30.08.2019 20:00:42
login


### 30.08.2019 20:00:43
index


### 30.08.2019 20:00:43
favicon.ico


### 30.08.2019 20:00:45
basket


### 30.08.2019 20:00:45
favicon.ico


### 30.08.2019 20:01:54
logout


### 30.08.2019 20:01:54
index


### 30.08.2019 20:01:54
favicon.ico


### 30.08.2019 20:02:06
catalog


### 30.08.2019 20:02:07
favicon.ico


### 30.08.2019 20:02:09
basket


### 30.08.2019 20:02:09
favicon.ico


### 30.08.2019 20:05:19
basket


### 30.08.2019 20:05:19
favicon.ico


### 30.08.2019 20:07:58
basket


### 30.08.2019 20:07:58
favicon.ico


### 30.08.2019 20:08:07
basket


### 30.08.2019 20:08:07
favicon.ico


### 30.08.2019 20:09:07
basket


### 30.08.2019 20:09:07
favicon.ico


### 30.08.2019 20:09:56
basket


### 30.08.2019 20:09:56
favicon.ico


### 30.08.2019 20:10:03
catalog


### 30.08.2019 20:10:04
favicon.ico


### 30.08.2019 20:10:08
basket


### 30.08.2019 20:10:08
favicon.ico


### 30.08.2019 20:17:02
news


### 30.08.2019 20:17:02
favicon.ico


### 30.08.2019 20:17:03
catalog


### 30.08.2019 20:17:03
favicon.ico


### 30.08.2019 20:17:11
basket


### 30.08.2019 20:17:11
favicon.ico


### 30.08.2019 20:23:18
basket


### 30.08.2019 20:23:18
favicon.ico


### 30.08.2019 20:23:59
basket


### 30.08.2019 20:23:59
favicon.ico


### 01.09.2019 11:46:19
index


### 01.09.2019 11:46:20
favicon.ico


### 01.09.2019 11:46:24
favicon.ico


### 01.09.2019 11:46:25
index


### 01.09.2019 11:46:25
favicon.ico


### 01.09.2019 11:46:26
feedback


### 01.09.2019 11:46:26
favicon.ico


### 01.09.2019 11:46:28
favicon.ico


### 01.09.2019 11:48:26
catalog


### 01.09.2019 11:48:27
favicon.ico


### 01.09.2019 11:48:35
basket


### 01.09.2019 11:48:35
favicon.ico


### 01.09.2019 11:48:44
news


### 01.09.2019 11:48:44
favicon.ico


### 01.09.2019 11:48:44
index


### 01.09.2019 11:48:45
favicon.ico


### 01.09.2019 11:48:45
catalog


### 01.09.2019 11:48:45
favicon.ico


### 01.09.2019 11:48:46
feedback


### 01.09.2019 11:48:46
favicon.ico


### 01.09.2019 11:48:47
basket


### 01.09.2019 11:48:47
favicon.ico


### 02.09.2019 08:28:15
basket


### 02.09.2019 08:28:15
favicon.ico


### 02.09.2019 08:28:28
login


### 02.09.2019 08:28:28
index


### 02.09.2019 08:28:28
favicon.ico


### 02.09.2019 08:29:00
basket


### 02.09.2019 08:29:00
favicon.ico


### 02.09.2019 08:29:01
catalog


### 02.09.2019 08:29:02
favicon.ico


### 02.09.2019 08:30:18
catalog


### 02.09.2019 08:30:18
favicon.ico


### 02.09.2019 08:32:15
catalog


### 02.09.2019 08:32:15
favicon.ico


### 02.09.2019 08:33:55
catalog


### 02.09.2019 08:33:55
favicon.ico


### 02.09.2019 08:34:14
catalog


### 02.09.2019 08:34:14
favicon.ico


### 02.09.2019 08:35:23
catalog


### 02.09.2019 08:35:23
favicon.ico


### 02.09.2019 08:35:31
catalog


### 02.09.2019 08:35:31
favicon.ico


### 02.09.2019 08:35:58
catalog


### 02.09.2019 08:35:58
favicon.ico


### 02.09.2019 08:36:09
catalog


### 02.09.2019 08:36:09
favicon.ico


### 02.09.2019 08:39:41
catalog


### 02.09.2019 08:39:41
favicon.ico


### 02.09.2019 08:39:51
catalog


### 02.09.2019 08:39:51
favicon.ico


### 02.09.2019 08:39:59
catalog


### 02.09.2019 08:40:00
favicon.ico


### 02.09.2019 08:40:11
catalog


### 02.09.2019 08:40:11
favicon.ico


### 02.09.2019 08:40:27
catalog


### 02.09.2019 08:40:28
favicon.ico


### 02.09.2019 08:40:43
catalog


### 02.09.2019 08:40:43
favicon.ico


### 02.09.2019 08:41:00
catalog


### 02.09.2019 08:41:00
favicon.ico


### 02.09.2019 08:41:01
catalogItem.php


### 02.09.2019 08:41:30
catalogItem.php


### 02.09.2019 08:43:03
catalog


### 02.09.2019 08:43:03
favicon.ico


### 02.09.2019 08:43:20
catalog


### 02.09.2019 08:43:20
favicon.ico


### 02.09.2019 08:43:22
catalog


### 02.09.2019 08:43:24
catalog


### 02.09.2019 08:44:03
catalog


### 02.09.2019 08:44:03
favicon.ico


### 02.09.2019 08:44:04
catalog


### 02.09.2019 08:44:47
catalog


### 02.09.2019 08:44:48
favicon.ico


### 02.09.2019 08:44:48
catalog


### 02.09.2019 08:45:06
catalog


### 02.09.2019 08:45:26
catalog


### 02.09.2019 08:45:26
favicon.ico


### 02.09.2019 08:46:02
catalog


### 02.09.2019 08:46:02
favicon.ico


### 02.09.2019 08:46:05
catalog


### 02.09.2019 08:46:05
favicon.ico


### 02.09.2019 08:48:52
catalog


### 02.09.2019 08:48:52
favicon.ico


### 02.09.2019 08:49:31
catalog


### 02.09.2019 08:49:32
favicon.ico


### 02.09.2019 08:53:07
catalog


### 02.09.2019 08:53:07
favicon.ico


### 02.09.2019 08:53:45
catalog


### 02.09.2019 08:53:46
favicon.ico


### 02.09.2019 08:54:03
catalog


### 02.09.2019 08:54:03
favicon.ico


### 02.09.2019 08:54:49
catalog


### 02.09.2019 08:54:49
favicon.ico


### 02.09.2019 08:55:59
catalog


### 02.09.2019 08:55:59
favicon.ico


### 02.09.2019 08:56:25
catalog


### 02.09.2019 08:56:25
favicon.ico


### 02.09.2019 08:56:59
catalog


### 02.09.2019 08:56:59
favicon.ico


### 02.09.2019 08:57:53
catalog


### 02.09.2019 08:57:53
favicon.ico


### 02.09.2019 08:59:11
catalog


### 02.09.2019 08:59:11
favicon.ico


### 02.09.2019 09:00:17
catalog


### 02.09.2019 09:00:17
favicon.ico


### 02.09.2019 09:01:06
catalog


### 02.09.2019 09:01:06
favicon.ico


### 02.09.2019 09:01:58
catalog


### 02.09.2019 09:01:58
favicon.ico


### 02.09.2019 09:04:22
catalog


### 02.09.2019 09:04:22
favicon.ico


### 02.09.2019 09:04:54
catalog


### 02.09.2019 09:04:54
favicon.ico


### 02.09.2019 09:09:26
catalog


### 02.09.2019 09:09:27
favicon.ico


### 02.09.2019 09:09:57
catalog


### 02.09.2019 09:09:57
favicon.ico


### 02.09.2019 09:12:47
catalog


### 02.09.2019 09:12:47
favicon.ico


### 02.09.2019 09:13:18
catalog


### 02.09.2019 09:13:18
favicon.ico


### 02.09.2019 09:14:28
catalog


### 02.09.2019 09:14:28
favicon.ico


### 02.09.2019 09:24:13
catalog


### 02.09.2019 09:24:13
favicon.ico


### 02.09.2019 09:25:45
catalog


### 02.09.2019 09:25:45
favicon.ico


### 02.09.2019 09:26:20
catalog


### 02.09.2019 09:26:20
favicon.ico


### 02.09.2019 09:28:12
catalog


### 02.09.2019 09:28:12
favicon.ico


### 02.09.2019 09:28:55
catalog


### 02.09.2019 09:28:55
favicon.ico


### 02.09.2019 09:30:19
catalog


### 02.09.2019 09:30:19
favicon.ico


### 02.09.2019 09:31:37
catalog


### 02.09.2019 09:31:37
favicon.ico


### 02.09.2019 09:32:59
catalog


### 02.09.2019 09:32:59
favicon.ico


### 02.09.2019 09:33:23
catalog


### 02.09.2019 09:33:23
favicon.ico


### 02.09.2019 09:33:24
basket


### 02.09.2019 09:33:24
favicon.ico


### 02.09.2019 09:33:25
index


### 02.09.2019 09:33:25
favicon.ico


### 02.09.2019 09:33:27
news


### 02.09.2019 09:33:27
favicon.ico


### 02.09.2019 09:33:28
catalog


### 02.09.2019 09:33:28
favicon.ico


### 02.09.2019 09:33:34
catalog


### 02.09.2019 09:33:34
favicon.ico


### 02.09.2019 09:33:49
catalog


### 02.09.2019 09:33:49
favicon.ico


### 02.09.2019 09:33:50
news


### 02.09.2019 09:33:50
favicon.ico


### 02.09.2019 09:33:51
index


### 02.09.2019 09:33:51
favicon.ico


### 02.09.2019 09:33:52
index


### 02.09.2019 09:33:52
favicon.ico


### 02.09.2019 09:33:53
news


### 02.09.2019 09:33:54
favicon.ico


### 02.09.2019 09:33:54
basket


### 02.09.2019 09:33:55
favicon.ico


### 02.09.2019 09:34:01
logout


### 02.09.2019 09:34:01
index


### 02.09.2019 09:34:01
favicon.ico


### 02.09.2019 09:36:16
login


### 02.09.2019 09:36:16
index


### 02.09.2019 09:36:16
favicon.ico


### 02.09.2019 09:36:21
catalog


### 02.09.2019 09:36:21
favicon.ico


### 02.09.2019 09:39:05
catalog


### 02.09.2019 09:39:05
favicon.ico


### 02.09.2019 09:39:08
index


### 02.09.2019 09:39:08
favicon.ico


### 02.09.2019 09:39:09
index


### 02.09.2019 09:39:09
favicon.ico


### 02.09.2019 09:39:19
index


### 02.09.2019 09:39:19
favicon.ico


### 02.09.2019 09:39:29
index


### 02.09.2019 09:39:29
favicon.ico


### 02.09.2019 09:39:29
index


### 02.09.2019 09:39:29
favicon.ico


### 02.09.2019 09:39:29
index


### 02.09.2019 09:39:29
favicon.ico


### 02.09.2019 09:39:30
index


### 02.09.2019 09:39:30
favicon.ico


### 02.09.2019 09:39:30
news


### 02.09.2019 09:39:31
favicon.ico


### 02.09.2019 09:39:31
catalog


### 02.09.2019 09:39:31
favicon.ico


### 02.09.2019 09:39:31
feedback


### 02.09.2019 09:39:32
favicon.ico


### 02.09.2019 09:39:32
basket


### 02.09.2019 09:39:32
favicon.ico


### 02.09.2019 09:39:33
index


### 02.09.2019 09:39:33
favicon.ico


### 02.09.2019 09:39:34
news


### 02.09.2019 09:39:34
favicon.ico


### 02.09.2019 09:39:34
catalog


### 02.09.2019 09:39:34
favicon.ico


### 02.09.2019 09:39:34
feedback


### 02.09.2019 09:39:34
favicon.ico


### 02.09.2019 09:39:35
basket


### 02.09.2019 09:39:35
favicon.ico


### 02.09.2019 09:39:36
logout


### 02.09.2019 09:39:36
index


### 02.09.2019 09:39:36
favicon.ico


### 02.09.2019 09:39:43
login


### 02.09.2019 09:39:43
index


### 02.09.2019 09:39:43
favicon.ico


### 02.09.2019 09:39:47
feedback


### 02.09.2019 09:39:47
favicon.ico


### 02.09.2019 09:39:49
basket


### 02.09.2019 09:39:49
favicon.ico


### 02.09.2019 09:39:49
feedback


### 02.09.2019 09:39:49
favicon.ico


### 02.09.2019 09:39:49
catalog


### 02.09.2019 09:39:50
favicon.ico


### 02.09.2019 09:39:50
news


### 02.09.2019 09:39:50
favicon.ico


### 02.09.2019 09:39:50
index


### 02.09.2019 09:39:50
favicon.ico


### 02.09.2019 09:39:51
news


### 02.09.2019 09:39:51
favicon.ico


### 02.09.2019 09:39:51
catalog


### 02.09.2019 09:39:51
favicon.ico


### 02.09.2019 09:40:20
catalog


### 02.09.2019 09:40:20
favicon.ico


### 02.09.2019 09:40:34
news


### 02.09.2019 09:40:34
favicon.ico


### 02.09.2019 09:42:55
news


### 02.09.2019 09:42:55
favicon.ico


### 02.09.2019 09:43:23
news


### 02.09.2019 09:43:23
favicon.ico


### 02.09.2019 09:43:23
index


### 02.09.2019 09:43:24
favicon.ico


### 02.09.2019 09:43:24
news


### 02.09.2019 09:43:24
favicon.ico


### 02.09.2019 09:43:25
catalog


### 02.09.2019 09:43:25
favicon.ico


### 02.09.2019 09:43:26
feedback


### 02.09.2019 09:43:26
favicon.ico


### 02.09.2019 09:43:28
basket


### 02.09.2019 09:43:28
favicon.ico


### 02.09.2019 09:43:30
feedback


### 02.09.2019 09:43:31
favicon.ico


### 02.09.2019 09:43:32
catalog


### 02.09.2019 09:43:32
favicon.ico


### 02.09.2019 09:43:39
basket


### 02.09.2019 09:43:39
favicon.ico


### 02.09.2019 09:44:04
logout


### 02.09.2019 09:44:04
index


### 02.09.2019 09:44:04
favicon.ico


### 02.09.2019 09:44:08
basket


### 02.09.2019 09:44:08
favicon.ico


### 02.09.2019 09:44:11
catalog


### 02.09.2019 09:44:11
favicon.ico


### 02.09.2019 09:44:15
basket


### 02.09.2019 09:44:15
favicon.ico


### 02.09.2019 09:44:27
catalog


### 02.09.2019 09:44:27
favicon.ico


### 02.09.2019 09:44:27
item


### 02.09.2019 09:44:27
favicon.ico


### 02.09.2019 09:44:30
catalog


### 02.09.2019 09:44:30
favicon.ico


### 02.09.2019 09:44:31
item


### 02.09.2019 09:44:31
favicon.ico


### 02.09.2019 09:44:33
catalog


### 02.09.2019 09:44:33
favicon.ico


### 02.09.2019 09:44:34
item


### 02.09.2019 09:44:34
favicon.ico


### 02.09.2019 09:44:35
catalog


### 02.09.2019 09:44:35
favicon.ico


### 02.09.2019 09:44:39
item


### 02.09.2019 09:44:39
favicon.ico


### 02.09.2019 09:44:40
catalog


### 02.09.2019 09:44:40
favicon.ico


### 02.09.2019 09:45:07
catalog


### 02.09.2019 09:45:07
favicon.ico


### 02.09.2019 09:45:08
basket


### 02.09.2019 09:45:08
favicon.ico


### 02.09.2019 09:45:10
catalog


### 02.09.2019 09:45:10
favicon.ico


### 02.09.2019 09:46:21
basket


### 02.09.2019 09:46:21
favicon.ico


### 02.09.2019 09:50:22
feedback


### 02.09.2019 09:50:22
favicon.ico


### 02.09.2019 09:50:23
basket


### 02.09.2019 09:50:23
favicon.ico


### 02.09.2019 09:51:03
basket


### 02.09.2019 09:51:03
favicon.ico


### 02.09.2019 09:52:12
basket


### 02.09.2019 09:52:12
favicon.ico


### 02.09.2019 09:52:17
catalog


### 02.09.2019 09:52:17
favicon.ico


### 02.09.2019 09:52:21
basket


### 02.09.2019 09:52:21
favicon.ico


### 02.09.2019 09:52:57
basket


### 02.09.2019 09:52:57
favicon.ico


### 02.09.2019 09:53:03
login


### 02.09.2019 09:53:03
index


### 02.09.2019 09:53:03
favicon.ico


### 02.09.2019 09:53:05
catalog


### 02.09.2019 09:53:05
favicon.ico


### 02.09.2019 09:53:09
basket


### 02.09.2019 09:53:09
favicon.ico


### 02.09.2019 09:54:32
basket


### 02.09.2019 09:54:32
favicon.ico


### 02.09.2019 09:54:38
catalog


### 02.09.2019 09:54:38
favicon.ico


### 02.09.2019 09:54:41
basket


### 02.09.2019 09:54:41
favicon.ico


### 02.09.2019 09:55:21
basket


### 02.09.2019 09:55:21
favicon.ico


### 02.09.2019 09:55:22
catalog


### 02.09.2019 09:55:22
favicon.ico


### 02.09.2019 09:55:24
basket


### 02.09.2019 09:55:24
favicon.ico


### 02.09.2019 09:56:06
basket


### 02.09.2019 09:56:06
favicon.ico


### 02.09.2019 09:56:07
catalog


### 02.09.2019 09:56:07
favicon.ico


### 02.09.2019 09:56:11
basket


### 02.09.2019 09:56:11
favicon.ico


### 02.09.2019 10:07:49
basket


### 02.09.2019 10:07:49
favicon.ico


### 02.09.2019 10:07:51
index


### 02.09.2019 10:07:51
favicon.ico


### 02.09.2019 10:11:26
basket


### 02.09.2019 10:11:26
favicon.ico


### 02.09.2019 10:11:26
catalog


### 02.09.2019 10:11:27
favicon.ico


### 02.09.2019 10:12:03
basket


### 02.09.2019 10:12:03
favicon.ico


### 02.09.2019 10:13:18
index


### 02.09.2019 10:13:18
favicon.ico


### 02.09.2019 10:13:20
catalog


### 02.09.2019 10:13:20
favicon.ico


### 02.09.2019 10:13:26
basket


### 02.09.2019 10:13:26
favicon.ico


### 02.09.2019 10:16:49
basket


### 02.09.2019 10:16:49
favicon.ico


### 02.09.2019 10:16:50
catalog


### 02.09.2019 10:16:50
favicon.ico


### 02.09.2019 10:16:53
basket


### 02.09.2019 10:16:53
favicon.ico


### 02.09.2019 10:17:06
basket


### 02.09.2019 10:17:06
favicon.ico


### 02.09.2019 10:17:37
basket


### 02.09.2019 10:17:37
favicon.ico


### 02.09.2019 10:17:46
catalog


### 02.09.2019 10:17:46
favicon.ico


### 02.09.2019 10:17:50
basket


### 02.09.2019 10:17:50
favicon.ico


### 02.09.2019 10:17:55
catalog


### 02.09.2019 10:17:55
favicon.ico


### 02.09.2019 10:18:00
basket


### 02.09.2019 10:18:00
favicon.ico


### 02.09.2019 10:20:45
basket


### 02.09.2019 10:20:45
favicon.ico


### 02.09.2019 10:20:54
catalog


### 02.09.2019 10:20:54
favicon.ico


### 02.09.2019 10:20:58
basket


### 02.09.2019 10:20:58
favicon.ico


### 02.09.2019 10:21:14
logout


### 02.09.2019 10:21:14
index


### 02.09.2019 10:21:14
favicon.ico


### 02.09.2019 10:28:13
catalog


### 02.09.2019 10:28:13
favicon.ico


### 02.09.2019 10:29:46
catalog


### 02.09.2019 10:29:46
favicon.ico


### 02.09.2019 10:29:47
catalog


### 02.09.2019 10:29:47
favicon.ico


### 02.09.2019 10:29:47
catalog


### 02.09.2019 10:29:47
favicon.ico


### 02.09.2019 10:30:36
catalog


### 02.09.2019 10:30:36
favicon.ico


### 02.09.2019 10:31:51
catalog


### 02.09.2019 10:31:52
favicon.ico


### 02.09.2019 10:32:20
item


### 02.09.2019 10:32:20
favicon.ico


### 02.09.2019 10:32:22
catalog


### 02.09.2019 10:32:22
favicon.ico


### 02.09.2019 10:32:22
item


### 02.09.2019 10:32:23
favicon.ico


### 02.09.2019 10:32:24
catalog


### 02.09.2019 10:32:24
favicon.ico


### 02.09.2019 10:33:57
catalog


### 02.09.2019 10:33:57
favicon.ico


### 02.09.2019 10:34:25
catalog


### 02.09.2019 10:34:25
favicon.ico


### 02.09.2019 10:35:21
catalog


### 02.09.2019 10:35:21
favicon.ico


### 02.09.2019 10:36:12
catalog


### 02.09.2019 10:36:12
favicon.ico


### 02.09.2019 10:36:26
item


### 02.09.2019 10:36:26
favicon.ico


### 02.09.2019 10:36:29
catalog


### 02.09.2019 10:36:29
favicon.ico


### 02.09.2019 10:36:35
item


### 02.09.2019 10:36:36
favicon.ico


### 02.09.2019 10:36:37
catalog


### 02.09.2019 10:36:37
favicon.ico


### 02.09.2019 11:18:05
catalog


### 02.09.2019 11:18:05
favicon.ico


### 02.09.2019 11:18:54
catalog


### 02.09.2019 11:18:54
favicon.ico


### 02.09.2019 11:20:08
catalog


### 02.09.2019 11:20:08
favicon.ico


### 02.09.2019 11:20:11
catalog


### 02.09.2019 11:20:11
favicon.ico


### 02.09.2019 11:20:18
index


### 02.09.2019 11:20:18
favicon.ico


### 02.09.2019 11:20:19
news


### 02.09.2019 11:20:19
favicon.ico


### 02.09.2019 11:20:19
catalog


### 02.09.2019 11:20:20
favicon.ico


### 02.09.2019 11:20:20
feedback


### 02.09.2019 11:20:20
favicon.ico


### 02.09.2019 11:20:23
basket


### 02.09.2019 11:20:23
favicon.ico


### 02.09.2019 11:20:24
feedback


### 02.09.2019 11:20:24
favicon.ico


### 02.09.2019 11:20:24
catalog


### 02.09.2019 11:20:25
favicon.ico


### 02.09.2019 11:20:41
catalog


### 02.09.2019 11:20:41
favicon.ico


### 02.09.2019 11:20:44
index


### 02.09.2019 11:20:44
favicon.ico


### 02.09.2019 11:20:45
news


### 02.09.2019 11:20:45
favicon.ico


### 02.09.2019 11:20:47
catalog


### 02.09.2019 11:20:47
favicon.ico


### 02.09.2019 11:20:48
feedback


### 02.09.2019 11:20:49
favicon.ico


### 02.09.2019 11:20:55
basket


### 02.09.2019 11:20:55
favicon.ico


### 02.09.2019 11:20:56
feedback


### 02.09.2019 11:20:56
favicon.ico


### 02.09.2019 11:21:00
feedback


### 02.09.2019 11:21:00
favicon.ico


### 02.09.2019 11:21:04
feedback


### 02.09.2019 11:21:04
feedback


### 02.09.2019 11:21:04
favicon.ico


### 02.09.2019 11:21:06
feedback


### 02.09.2019 11:21:06
feedback


### 02.09.2019 11:21:06
favicon.ico


### 02.09.2019 11:21:08
feedback


### 02.09.2019 11:21:08
favicon.ico


### 02.09.2019 11:21:09
catalog


### 02.09.2019 11:21:09
favicon.ico


### 02.09.2019 11:21:33
catalog


### 02.09.2019 11:21:33
favicon.ico


### 02.09.2019 11:21:34
catalog


### 02.09.2019 11:21:34
favicon.ico


### 02.09.2019 11:21:50
catalog


### 02.09.2019 11:21:50
favicon.ico


### 02.09.2019 11:22:18
item


### 02.09.2019 11:22:18
favicon.ico


### 02.09.2019 11:22:32
catalog


### 02.09.2019 11:22:33
favicon.ico


### 02.09.2019 11:23:04
catalog


### 02.09.2019 11:23:04
favicon.ico


### 02.09.2019 11:23:05
api


### 02.09.2019 11:23:05
favicon.ico


### 02.09.2019 11:23:17
catalog


### 02.09.2019 11:23:17
favicon.ico


### 02.09.2019 11:23:39
api


### 02.09.2019 11:23:39
favicon.ico


### 02.09.2019 11:23:43
catalog


### 02.09.2019 11:23:43
favicon.ico


### 02.09.2019 11:24:54
catalog


### 02.09.2019 11:24:54
favicon.ico


### 02.09.2019 11:25:14
api


### 02.09.2019 11:25:14
favicon.ico


### 02.09.2019 11:25:20
catalog


### 02.09.2019 11:25:21
favicon.ico


### 02.09.2019 11:25:50
catalog


### 02.09.2019 11:25:50
favicon.ico


### 02.09.2019 11:25:54
api


### 02.09.2019 11:25:54
favicon.ico


### 02.09.2019 11:25:55
catalog


### 02.09.2019 11:25:55
favicon.ico


### 02.09.2019 11:26:12
api


### 02.09.2019 11:26:12
favicon.ico


### 02.09.2019 11:26:14
catalog


### 02.09.2019 11:26:14
favicon.ico


### 02.09.2019 11:26:15
catalog


### 02.09.2019 11:26:15
favicon.ico


### 02.09.2019 11:26:16
api


### 02.09.2019 11:26:16
favicon.ico


### 02.09.2019 11:26:17
catalog


### 02.09.2019 11:26:17
favicon.ico


### 02.09.2019 11:26:46
catalog


### 02.09.2019 11:26:46
favicon.ico


### 02.09.2019 11:26:47
api


### 02.09.2019 11:26:47
favicon.ico


### 02.09.2019 11:26:57
catalog


### 02.09.2019 11:26:57
favicon.ico


### 02.09.2019 11:27:14
feedback


### 02.09.2019 11:27:15
favicon.ico


### 02.09.2019 11:27:16
catalog


### 02.09.2019 11:27:16
favicon.ico


### 02.09.2019 11:32:45
catalog


### 02.09.2019 11:32:45
favicon.ico


### 02.09.2019 11:32:46
api


### 02.09.2019 11:32:54
api


### 02.09.2019 11:33:01
api


### 02.09.2019 11:33:12
catalog


### 02.09.2019 11:33:12
favicon.ico


### 02.09.2019 11:33:13
api


### 02.09.2019 11:34:38
catalog


### 02.09.2019 11:34:38
favicon.ico


### 02.09.2019 11:34:39
api


### 02.09.2019 11:34:44
api


### 02.09.2019 11:34:48
api


### 02.09.2019 11:35:07
api


### 02.09.2019 11:35:10
api


### 02.09.2019 11:35:29
catalog


### 02.09.2019 11:35:29
favicon.ico


### 02.09.2019 11:35:30
api


### 02.09.2019 11:37:38
catalog


### 02.09.2019 11:37:38
favicon.ico


### 02.09.2019 11:37:39
api


### 02.09.2019 11:40:24
catalog


### 02.09.2019 11:40:24
favicon.ico


### 02.09.2019 11:40:25
api


### 02.09.2019 11:40:36
api


### 02.09.2019 11:40:42
api


### 02.09.2019 11:41:13
catalog


### 02.09.2019 11:41:13
favicon.ico


### 02.09.2019 11:41:14
api


### 02.09.2019 11:42:37
api


### 02.09.2019 11:42:45
api


### 02.09.2019 11:43:20
catalog


### 02.09.2019 11:43:20
favicon.ico


### 02.09.2019 11:43:21
api


### 02.09.2019 11:43:23
api


### 02.09.2019 11:43:24
api


### 02.09.2019 11:43:26
api


### 02.09.2019 11:43:27
api


### 02.09.2019 11:43:57
catalog


### 02.09.2019 11:43:57
favicon.ico


### 02.09.2019 11:43:58
api


### 02.09.2019 11:44:38
catalog


### 02.09.2019 11:44:38
favicon.ico


### 02.09.2019 11:44:38
api


### 02.09.2019 11:45:23
catalog


### 02.09.2019 11:45:23
favicon.ico


### 02.09.2019 11:45:53
catalog


### 02.09.2019 11:45:53
favicon.ico


### 02.09.2019 11:46:49
catalog


### 02.09.2019 11:46:49
favicon.ico


### 02.09.2019 11:47:17
catalog


### 02.09.2019 11:47:17
favicon.ico


### 02.09.2019 12:53:43
catalog


### 02.09.2019 12:53:43
favicon.ico


### 02.09.2019 12:54:34
catalog


### 02.09.2019 12:54:35
favicon.ico


### 02.09.2019 12:54:40
catalog


### 02.09.2019 12:54:40
favicon.ico


### 02.09.2019 12:55:16
catalog


### 02.09.2019 12:55:16
favicon.ico


### 02.09.2019 12:55:17
index


### 02.09.2019 12:55:18
favicon.ico


### 02.09.2019 12:55:20
catalog


### 02.09.2019 12:55:20
favicon.ico


### 02.09.2019 12:55:43
catalog


### 02.09.2019 12:55:43
favicon.ico


### 02.09.2019 12:55:49
catalog


### 02.09.2019 12:55:49
favicon.ico


### 02.09.2019 12:56:10
catalog


### 02.09.2019 12:56:10
favicon.ico


### 02.09.2019 12:56:15
index


### 02.09.2019 12:56:15
favicon.ico


### 02.09.2019 12:56:17
index


### 02.09.2019 12:56:18
favicon.ico


### 02.09.2019 12:56:29
index


### 02.09.2019 12:56:31
index


### 02.09.2019 12:56:31
favicon.ico


### 02.09.2019 12:57:19
catalog


### 02.09.2019 12:57:20
favicon.ico


### 02.09.2019 12:57:47
index


### 02.09.2019 12:57:49
index


### 02.09.2019 12:57:50
favicon.ico


### 02.09.2019 12:57:52
catalog


### 02.09.2019 12:57:53
favicon.ico


### 02.09.2019 12:58:59
index


### 02.09.2019 12:58:59
favicon.ico


### 02.09.2019 12:59:01
catalog


### 02.09.2019 12:59:01
favicon.ico


### 02.09.2019 12:59:59
catalog


### 02.09.2019 12:59:59
favicon.ico


### 02.09.2019 13:00:08
catalog


### 02.09.2019 13:00:08
favicon.ico


### 02.09.2019 13:01:51
catalog


### 02.09.2019 13:01:51
favicon.ico


### 02.09.2019 13:01:52
catalog


### 02.09.2019 13:01:52
favicon.ico


### 02.09.2019 13:02:16
catalog


### 02.09.2019 13:02:16
favicon.ico


### 02.09.2019 13:03:04
catalog


### 02.09.2019 13:03:04
favicon.ico


### 02.09.2019 13:03:44
catalog


### 02.09.2019 13:03:45
favicon.ico


### 02.09.2019 13:03:55
catalog


### 02.09.2019 13:03:55
favicon.ico


### 02.09.2019 13:03:59
catalog


### 02.09.2019 13:03:59
favicon.ico


### 02.09.2019 13:04:01
catalog


### 02.09.2019 13:04:01
favicon.ico


### 02.09.2019 13:04:03
catalog


### 02.09.2019 13:04:03
favicon.ico


### 02.09.2019 13:04:43
catalog


### 02.09.2019 13:04:43
favicon.ico


### 02.09.2019 13:05:12
catalog


### 02.09.2019 13:05:12
favicon.ico


### 02.09.2019 13:05:18
catalog


### 02.09.2019 13:05:18
favicon.ico


### 02.09.2019 13:05:21
catalog


### 02.09.2019 13:05:21
favicon.ico


### 02.09.2019 13:05:23
catalog


### 02.09.2019 13:05:24
favicon.ico


### 02.09.2019 13:08:03
catalog


### 02.09.2019 13:08:04
favicon.ico


### 02.09.2019 13:09:01
basket


### 02.09.2019 13:09:01
favicon.ico


